This is LuaHBTeX, Version 1.22.0 (MiKTeX 25.4) (format=lualatex 2025.9.26)  4 NOV 2025 13:09
 restricted system commands enabled.
**main.tex
(./main.tex
LaTeX2e <2025-06-01> patch level 1
L3 programming layer <2025-09-02>
Lua module: luaotfload 2024-12-03 v3.29 Lua based OpenType font support
Lua module: lualibs 2023-07-13 v2.76 ConTeXt Lua standard libraries.
Lua module: lualibs-extended 2023-07-13 v2.76 ConTeXt Lua libraries -- extended 
collection.
luaotfload | conf : Root cache directory is "C:/Users/angel/AppData/Local/MiKTeX
/luatex-cache/generic/names".
luaotfload | init : Loading fontloader "fontloader-2023-12-28.lua" from kpse-res
olved path "C:/Program Files/MiKTeX/tex/luatex/luaotfload/fontloader-2023-12-28.
lua".
Lua-only attribute luaotfload@noligature = 1
luaotfload | init : Context OpenType loader version 3.134
Inserting `luaotfload.node_processor' in `pre_linebreak_filter'.
Inserting `luaotfload.node_processor' in `hpack_filter'.
Inserting `luaotfload.glyph_stream' in `glyph_stream_provider'.
Inserting `luaotfload.define_font' in `define_font'.
Lua-only attribute luaotfload_color_attribute = 2
luaotfload | conf : Root cache directory is "C:/Users/angel/AppData/Local/MiKTeX
/luatex-cache/generic/names".
Inserting `luaotfload.harf.strip_prefix' in `find_opentype_file'.
Inserting `luaotfload.harf.strip_prefix' in `find_truetype_file'.
Removing  `luaotfload.glyph_stream' from `glyph_stream_provider'.
Inserting `luaotfload.harf.glyphstream' in `glyph_stream_provider'.
Inserting `luaotfload.harf.finalize_vlist' in `post_linebreak_filter'.
Inserting `luaotfload.harf.finalize_hlist' in `hpack_filter'.
Inserting `luaotfload.cleanup_files' in `wrapup_run'.
Inserting `luaotfload.harf.finalize_unicode' in `finish_pdffile'.
Inserting `luaotfload.glyphinfo' in `glyph_info'.
Lua-only attribute luaotfload.letterspace_done = 3
Inserting `luaotfload.aux.set_sscale_dimens' in `luaotfload.patch_font'.
Inserting `luaotfload.aux.set_font_index' in `luaotfload.patch_font'.
Inserting `luaotfload.aux.patch_cambria_domh' in `luaotfload.patch_font'.
Inserting `luaotfload.aux.fixup_fontdata' in `luaotfload.patch_font_unsafe'.
Inserting `luaotfload.aux.set_capheight' in `luaotfload.patch_font'.
Inserting `luaotfload.aux.set_xheight' in `luaotfload.patch_font'.
Inserting `luaotfload.rewrite_fontname' in `luaotfload.patch_font'.
Inserting `tracingstacklevels' in `input_level_string'. ("C:/Program Files/MiKT
eX/tex/latex/abntex2/abntex2.cls"
Document Class: abntex2 2018/11/24 v-1.9.7 abnTeX2
("C:/Program Files/MiKTeX/tex/latex/base/ifthen.sty"
Package: ifthen 2024/03/16 v1.1e Standard LaTeX ifthen package (DPC)
)
("C:/Program Files/MiKTeX/tex/latex/memoir/memoir.cls"
Document Class: memoir 2025/03/10 v3.8.3b configurable book, report, article do
cument class
("C:/Program Files/MiKTeX/tex/latex/xpatch/xpatch.sty"
("C:/Program Files/MiKTeX/tex/latex/l3kernel/expl3.sty"
Package: expl3 2025-09-02 L3 programming layer (loader) 

("C:/Program Files/MiKTeX/tex/latex/l3backend/l3backend-luatex.def"
File: l3backend-luatex.def 2025-06-09 L3 backend support: PDF output (LuaTeX)
\l__color_backend_stack_int=\count273
Inserting `l3color' in `luaotfload.parse_color'.))
Package: xpatch 2020/03/25 v0.3a Extending etoolbox patching commands

("C:/Program Files/MiKTeX/tex/latex/l3packages/xparse/xparse.sty"
Package: xparse 2024-08-16 L3 Experimental document command parser
)
("C:/Program Files/MiKTeX/tex/latex/etoolbox/etoolbox.sty"
Package: etoolbox 2025/02/11 v2.5l e-TeX tools for LaTeX (JAW)
\etb@tempcnta=\count274
))
\onelineskip=\skip49
\lxvchars=\skip50
\xlvchars=\skip51
\@memcnta=\count275
\c@@memmarkcntra=\count276

("C:/Program Files/MiKTeX/tex/generic/iftex/iftex.sty"
Package: iftex 2024/12/12 v1.0g TeX engine tests
)
\trimtop=\skip52
\trimedge=\skip53

("C:/Program Files/MiKTeX/tex/latex/memoir/mem10.clo"
File: mem10.clo 2022/07/29 v0.5 memoir class 10pt size option
luaotfload | db : Font names database loaded from C:/Users/angel/AppData/Local/M
iKTeX/luatex-cache/generic/names/luaotfload-names.luc.gz)
\binding=\skip54
\spinemargin=\skip55
\foremargin=\skip56
\uppermargin=\skip57
\lowermargin=\skip58
\headdrop=\skip59
\normalrulethickness=\skip60
\mem@maxheadheight=\skip61
\mem@maxfootheight=\skip62
\headwidth=\skip63
\c@storedpagenumber=\count277
\memPD=\dimen147
\m@mabparskip=\skip64
\thanksmarkwidth=\skip65
\thanksmarksep=\skip66
\droptitle=\skip67
\c@book=\count278
\c@part=\count279
\c@chapter=\count280
\c@section=\count281
\c@subsection=\count282
\c@subsubsection=\count283
\c@paragraph=\count284
\c@subparagraph=\count285
\beforechapskip=\skip68
\midchapskip=\skip69
\afterchapskip=\skip70
\chapindent=\skip71
\bottomsectionskip=\skip72
\secindent=\skip73
\beforesecskip=\skip74
\aftersecskip=\skip75
\subsecindent=\skip76
\beforesubsecskip=\skip77
\aftersubsecskip=\skip78
\subsubsecindent=\skip79
\beforesubsubsecskip=\skip80
\aftersubsubsecskip=\skip81
\paraindent=\skip82
\beforeparaskip=\skip83
\afterparaskip=\skip84
\subparaindent=\skip85
\beforesubparaskip=\skip86
\aftersubparaskip=\skip87
\pfbreakskip=\skip88
\c@@ppsavesec=\count286
\c@@ppsaveapp=\count287
\ragrparindent=\dimen148
\everylistparindent=\dimen149
\parsepi=\skip89
\topsepi=\skip90
\itemsepi=\skip91
\parsepii=\skip92
\topsepii=\skip93
\topsepiii=\skip94
\itemsepii=\skip95
\itemsepiii=\skip96
\partopsepii=\skip97
\partopsepiii=\skip98
\m@msavetopsep=\skip99
\m@msavepartopsep=\skip100
\@enLab=\toks17
\abstitleskip=\skip101
\absleftindent=\skip102
\abs@leftindent=\dimen150
\absrightindent=\skip103
\absparindent=\skip104
\absparsep=\skip105
\c@vslineno=\count288
\c@poemline=\count289
\c@modulo@vs=\count290
\c@memfvsline=\count291
\vleftskip=\skip106
\vrightskip=\skip107
\stanzaskip=\skip108
\versewidth=\skip109
\vgap=\skip110
\vindent=\skip111
\vleftmargin=\dimen151
\c@verse=\count292
\c@chrsinstr=\count293
\beforepoemtitleskip=\skip112
\afterpoemtitleskip=\skip113
\c@poem=\count294
\beforePoemTitleskip=\skip114
\midPoemTitleskip=\skip115
\afterPoemTitleskip=\skip116

("C:/Program Files/MiKTeX/tex/latex/tools/array.sty"
Package: array 2025/06/08 v2.6j Tabular extension package (FMi)
\col@sep=\dimen152
\ar@mcellbox=\box53
\extrarowheight=\dimen153
\NC@list=\toks18
\extratabsurround=\skip117
\backup@length=\skip118
\ar@cellbox=\box54
)
("C:/Program Files/MiKTeX/tex/latex/tools/dcolumn.sty"
Package: dcolumn 2023/07/08 v1.06 decimal alignment package (DPC)
)
("C:/Program Files/MiKTeX/tex/latex/tools/delarray.sty"
Package: delarray 2014/10/28 v1.01 array delimiter package (DPC)
)
("C:/Program Files/MiKTeX/tex/latex/tools/tabularx.sty"
Package: tabularx 2023/12/11 v2.12a `tabularx' package (DPC)
\TX@col@width=\dimen154
\TX@old@table=\dimen155
\TX@old@col=\dimen156
\TX@target=\dimen157
\TX@delta=\dimen158
\TX@cols=\count295
\TX@ftn=\toks19
)
("C:/Program Files/MiKTeX/tex/latex/booktabs/booktabs.sty"
Package: booktabs 2020/01/12 v1.61803398 Publication quality tables
\heavyrulewidth=\dimen159
\lightrulewidth=\dimen160
\cmidrulewidth=\dimen161
\belowrulesep=\dimen162
\belowbottomsep=\dimen163
\aboverulesep=\dimen164
\abovetopsep=\dimen165
\cmidrulesep=\dimen166
\cmidrulekern=\dimen167
\defaultaddspace=\dimen168
\@cmidla=\count296
\@cmidlb=\count297
\@aboverulesep=\dimen169
\@belowrulesep=\dimen170
\@thisruleclass=\count298
\@lastruleclass=\count299
\@thisrulewidth=\dimen171
)
\ctableftskip=\skip119
\ctabrightskip=\skip120
\abovecolumnspenalty=\count300
\@linestogo=\count301
\@cellstogo=\count302
\@cellsincolumn=\count303
\crtok=\toks20
\@mincolumnwidth=\dimen172
\c@newflo@tctr=\count304
\mem@margin@floatbox=\box55
\@contcwidth=\skip121
\@contindw=\skip122
\abovecaptionskip=\skip123
\belowcaptionskip=\skip124
\subfloattopskip=\skip125
\subfloatcapskip=\skip126
\subfloatcaptopadj=\skip127
\subfloatbottomskip=\skip128
\subfloatlabelskip=\skip129
\subfloatcapmargin=\dimen173
\c@@contsubnum=\count305
\m@mscap@capbox=\box56
\m@mscap@fbox=\box57
\sidecapsep=\dimen174
\sidecapwidth=\dimen175
\m@m@tempdima=\dimen176
\m@mscapraise=\dimen177
\sidecapraise=\dimen178
\m@mscapmainwidth=\dimen179
\m@mscaplkern=\dimen180
\beforeepigraphskip=\skip130
\afterepigraphskip=\skip131
\epigraphwidth=\skip132
\epigraphrule=\skip133
LaTeX Info: Redefining \em on input line 7017.
LaTeX Info: Redefining \emph on input line 7025.

("C:/Program Files/MiKTeX/tex/latex/hyperref/nameref.sty"
Package: nameref 2025-06-21 v2.57 Cross-referencing by name of section

("C:/Program Files/MiKTeX/tex/latex/refcount/refcount.sty"
Package: refcount 2019/12/15 v3.6 Data extraction from label references (HO)

("C:/Program Files/MiKTeX/tex/generic/ltxcmds/ltxcmds.sty"
Package: ltxcmds 2023-12-04 v1.26 LaTeX kernel commands for general use (HO)
)
("C:/Program Files/MiKTeX/tex/generic/infwarerr/infwarerr.sty"
Package: infwarerr 2019/12/03 v1.5 Providing info/warning/error messages (HO)
))
("C:/Program Files/MiKTeX/tex/generic/gettitlestring/gettitlestring.sty"
Package: gettitlestring 2019/12/15 v1.6 Cleanup title references (HO)

("C:/Program Files/MiKTeX/tex/latex/kvoptions/kvoptions.sty"
Package: kvoptions 2022-06-15 v3.15 Key value format for package options (HO)

("C:/Program Files/MiKTeX/tex/latex/graphics/keyval.sty"
Package: keyval 2022/05/29 v1.15 key=value parser (DPC)
\KV@toks@=\toks21
)
("C:/Program Files/MiKTeX/tex/latex/kvsetkeys/kvsetkeys.sty"
Package: kvsetkeys 2022-10-05 v1.19 Key value parser (HO)
)))
\c@section@level=\count306
)
\tocentryskip=\skip134
\tocbaseline=\skip135
\cftparskip=\skip136
\cftbeforebookskip=\skip137
\cftbookindent=\dimen181
\cftbooknumwidth=\dimen182
\cftbeforepartskip=\skip138
\cftpartindent=\skip139
\cftpartnumwidth=\skip140
\cftbeforechapterskip=\skip141
\cftchapterindent=\skip142
\cftchapternumwidth=\skip143
\cftbeforesectionskip=\skip144
\cftsectionindent=\skip145
\cftsectionnumwidth=\skip146
\cftbeforesubsectionskip=\skip147
\cftsubsectionindent=\skip148
\cftsubsectionnumwidth=\skip149
\cftbeforesubsubsectionskip=\skip150
\cftsubsubsectionindent=\skip151
\cftsubsubsectionnumwidth=\skip152
\cftbeforeparagraphskip=\skip153
\cftparagraphindent=\skip154
\cftparagraphnumwidth=\skip155
\cftbeforesubparagraphskip=\skip156
\cftsubparagraphindent=\skip157
\cftsubparagraphnumwidth=\skip158
\prechapterprecisshift=\dimen183
\c@maxsecnumdepth=\count307
\bibindent=\dimen184
\bibitemsep=\skip159
\indexcolsep=\skip160
\indexrule=\skip161
\indexmarkstyle=\toks22
\@indexbox=\insert252
LaTeX Info: Redefining \raggedbottom on input line 8108.
LaTeX Info: Redefining \flushbottom on input line 8112.
\glossarycolsep=\dimen185
\glossaryrule=\dimen186
\sideparvshift=\skip162
\sideins=\insert251
\sidebartopsep=\skip163
\sidebarhsep=\skip164
\sidebarvsep=\skip165
\sidebarwidth=\skip166
\footmarkwidth=\skip167
\footmarksep=\skip168
\footparindent=\skip169
\footinsdim=\skip170
\footinsv@r=\insert250
\@mpfootinsv@r=\insert249
\m@m@k=\count308
\m@m@h=\dimen187
\m@mipn@skip=\skip171
\sidefootins=\insert248
\sidefootadjust=\skip172
\sidefootheight=\skip173
\sidefoothsep=\skip174
\sidefootvsep=\skip175
\sidefootwidth=\skip176
\m@mdownsf=\skip177
\c@sidefootnote=\count309
\sidefootmarkwidth=\skip178
\sidefootmarksep=\skip179
\sidefootparindent=\skip180
\c@pagenote=\count310

patch 2 for \immediateaddtocontents failed
\c@pagenoteshadow=\count311
\mem@pn@lastkern=\skip181
("C:/Program Files/MiKTeX/tex/latex/tools/verbatim.sty"
Package: verbatim 2024-01-22 v1.5x LaTeX2e package for verbatim enhancements
\every@verbatim=\toks23
\verbatim@line=\toks24
\verbatim@in@stream=\read2
)
\verbatimindent=\skip182
\verbatim@out=\write3

("C:/Program Files/MiKTeX/tex/latex/base/shortvrb.sty"
Package: shortvrb 2024/12/25 v3.0q Standard LaTeX documentation package V3 (FMi
)
)
\bvboxsep=\skip183
\c@memfbvline=\count312
\c@bvlinectr=\count313
\bvnumlength=\skip184
\fb@frw=\dimen188
\fb@frh=\dimen189
\FrameRule=\dimen190
\FrameSep=\dimen191
\c@cp@cntr=\count314
\c@ism@mctr=\count315
\c@xsm@mctr=\count316
\c@csm@mctr=\count317
\c@ksm@mctr=\count318
\c@xksm@mctr=\count319
\c@cksm@mctr=\count320
\c@msm@mctr=\count321
\c@xmsm@mctr=\count322
\c@cmsm@mctr=\count323
\c@bsm@mctr=\count324
\c@workm@mctr=\count325
\c@sheetsequence=\count326
\c@lastsheet=\count327
\c@lastpage=\count328

("C:/Program Files/MiKTeX/tex/latex/textcase/textcase.sty"
Package: textcase 2025/02/16 v1.05 Text only upper/lower case changing (DPC)
Package textcase Info: Defining Legacy names on input line 20.
)
\c@figure=\count329
\c@lofdepth=\count330
\cftbeforefigureskip=\skip185
\cftfigureindent=\skip186
\cftfigurenumwidth=\skip187
\c@table=\count331
\c@lotdepth=\count332
\cftbeforetableskip=\skip188
\cfttableindent=\skip189
\cfttablenumwidth=\skip190
Package abstract [2008/07/23] emulated by memoir.
Package appendix [2008/07/23] emulated by memoir.
Package ccaption [2008/07/23] emulated by memoir.
Package changepage [2008/07/23] emulated by memoir.
Package chngcntr [2008/07/23] emulated by memoir.
Package chngpage [2008/07/23] emulated by memoir.
Package crop emulated by memoir.
Package enumerate [2008/07/23] emulated by memoir.
Package epigraph [2008/07/23] emulated by memoir.
Package ifmtarg [2008/07/23] emulated by memoir.
Package index [2008/07/23] emulated by memoir.
Package makeidx [2008/07/23] emulated by memoir.
Package moreverb [2008/07/23] emulated by memoir.
Package needspace [2008/07/23] emulated by memoir.
Package newfile [2008/07/23] emulated by memoir.
Package nextpage [2008/07/23] emulated by memoir.
Package pagenote [2008/07/23] emulated by memoir.
Package parskip [2008/07/23] emulated by memoir.
Package patchcmd [2008/07/23] emulated by memoir.
Package setspace [2008/07/23] emulated by memoir.
Package showidx [2008/07/23] emulated by memoir.
Package titleref [2008/07/23] emulated by memoir.
Package titling [2008/07/23] emulated by memoir.
Package tocbibind [2008/07/23] emulated by memoir.
Package tocloft [2008/07/23] emulated by memoir.
Package tocvsec2 [2008/07/23] emulated by memoir.
Package verse [2008/07/23] emulated by memoir.
)
("C:/Program Files/MiKTeX/tex/latex/hyperref/hyperref.sty"
Package: hyperref 2025-07-12 v7.01o Hypertext links for LaTeX

("C:/Program Files/MiKTeX/tex/generic/kvdefinekeys/kvdefinekeys.sty"
Package: kvdefinekeys 2019-12-19 v1.6 Define keys (HO)
)
("C:/Program Files/MiKTeX/tex/generic/pdfescape/pdfescape.sty"
Package: pdfescape 2019/12/09 v1.15 Implements pdfTeX's escape features (HO)

("C:/Program Files/MiKTeX/tex/generic/pdftexcmds/pdftexcmds.sty"
Package: pdftexcmds 2020-06-27 v0.33 Utility functions of pdfTeX for LuaTeX (HO
)
Package pdftexcmds Info: \pdf@primitive is available.
Package pdftexcmds Info: \pdf@ifprimitive is available.
Package pdftexcmds Info: \pdfdraftmode found.
\pdftexcmds@toks=\toks25
))
("C:/Program Files/MiKTeX/tex/latex/hycolor/hycolor.sty"
Package: hycolor 2020-01-27 v1.10 Color options for hyperref/bookmark (HO)
)
("C:/Program Files/MiKTeX/tex/generic/stringenc/stringenc.sty"
Package: stringenc 2019/11/29 v1.12 Convert strings between diff. encodings (HO
)
)
\@linkdim=\dimen192
\Hy@linkcounter=\count333
\Hy@pagecounter=\count334

("C:/Program Files/MiKTeX/tex/latex/hyperref/pd1enc.def"
File: pd1enc.def 2025-07-12 v7.01o Hyperref: PDFDocEncoding definition (HO)
)
("C:/Program Files/MiKTeX/tex/generic/intcalc/intcalc.sty"
Package: intcalc 2019/12/15 v1.3 Expandable calculations with integers (HO)
)
\Hy@SavedSpaceFactor=\count335

("C:/Program Files/MiKTeX/tex/latex/hyperref/puenc.def"
File: puenc.def 2025-07-12 v7.01o Hyperref: PDF Unicode definition (HO)
)
Package hyperref Info: Hyper figures OFF on input line 4195.
Package hyperref Info: Link nesting OFF on input line 4200.
Package hyperref Info: Hyper index ON on input line 4203.
Package hyperref Info: Plain pages OFF on input line 4210.
Package hyperref Info: Backreferencing OFF on input line 4215.
Package hyperref Info: Implicit mode ON; LaTeX internals redefined.
Package hyperref Info: Bookmarks ON on input line 4462.
\c@Hy@tempcnt=\count336

("C:/Program Files/MiKTeX/tex/latex/url/url.sty"
\Urlmuskip=\muskip17
Package: url 2013/09/16  ver 3.4  Verb mode for urls, etc.
)
LaTeX Info: Redefining \url on input line 4801.
\XeTeXLinkMargin=\dimen193

("C:/Program Files/MiKTeX/tex/generic/bitset/bitset.sty"
Package: bitset 2019/12/09 v1.3 Handle bit-vector datatype (HO)

("C:/Program Files/MiKTeX/tex/generic/bigintcalc/bigintcalc.sty"
Package: bigintcalc 2019/12/15 v1.5 Expandable calculations on big integers (HO
)
))
\Fld@menulength=\count337
\Field@Width=\dimen194
\Fld@charsize=\dimen195
Package hyperref Info: Hyper figures OFF on input line 6078.
Package hyperref Info: Link nesting OFF on input line 6083.
Package hyperref Info: Hyper index ON on input line 6086.
Package hyperref Info: backreferencing OFF on input line 6093.
Package hyperref Info: Link coloring OFF on input line 6098.
Package hyperref Info: Link coloring with OCG OFF on input line 6103.
Package hyperref Info: PDF/A mode OFF on input line 6108.
\Hy@abspage=\count338
\c@Item=\count339
\c@Hfootnote=\count340
)
Package hyperref Info: Driver (autodetected): hluatex.

("C:/Program Files/MiKTeX/tex/latex/hyperref/hluatex.def"
File: hluatex.def 2025-07-12 v7.01o Hyperref driver for luaTeX
\Fld@listcount=\count341
\c@bookmark@seq@number=\count342

("C:/Program Files/MiKTeX/tex/latex/rerunfilecheck/rerunfilecheck.sty"
Package: rerunfilecheck 2025-06-21 v1.11 Rerun checks for auxiliary files (HO)

("C:/Program Files/MiKTeX/tex/generic/uniquecounter/uniquecounter.sty"
Package: uniquecounter 2019/12/15 v1.4 Provide unlimited unique counter (HO)
)
Package uniquecounter Info: New unique counter `rerunfilecheck' on input line 2
84.
)
\Hy@SectionHShift=\skip191
)
("C:/Program Files/MiKTeX/tex/latex/memoir/memhfixc.sty"
Package: memhfixc 2025/03/06 v1.23 hyperref package fixes for memoir class
\c@memhycontfloat=\count343
\c@mem@Hpagenote=\count344
)
("C:/Program Files/MiKTeX/tex/latex/bookmark/bookmark.sty"
Package: bookmark 2023-12-10 v1.31 PDF bookmarks (HO)

("C:/Program Files/MiKTeX/tex/latex/bookmark/bkm-pdftex.def"
File: bkm-pdftex.def 2023-12-10 v1.31 bookmark driver for pdfTeX and luaTeX (HO
)
\BKM@id=\count345
))
("C:/Program Files/MiKTeX/tex/generic/babel/babel.sty"
Package: babel 2025/08/03 v25.12 The multilingual framework for LuaLaTeX, pdfLa
TeX and XeLaTeX

("C:/Program Files/MiKTeX/tex/generic/babel/luababel.def"
\bbl@readstream=\read3
\l@afrikaans=\language2
Package babel Info: Non-standard hyphenation setup on input line 118.
\l@ancientgreek=\language3
\l@armenian=\language4
\l@assamese=\language5
\l@basque=\language6
\l@belarusian=\language7
\l@bengali=\language8
\l@bokmal=\language9
\l@bulgarian=\language10
\l@catalan=\language11
\l@churchslavonic=\language12
\l@classiclatin=\language13
\l@coptic=\language14
\l@croatian=\language15
\l@czech=\language16
\l@danish=\language17
\l@dutch=\language18
\l@esperanto=\language19
\l@estonian=\language20
\l@ethiopic=\language21
\l@finnish=\language22
\l@french=\language23
\l@friulan=\language24
\l@galician=\language25
\l@georgian=\language26
\l@german=\language27
\l@greek=\language28
\l@gujarati=\language29
\l@hindi=\language30
\l@hungarian=\language31
\l@icelandic=\language32
\l@indonesian=\language33
\l@interlingua=\language34
\l@irish=\language35
\l@italian=\language36
\l@kannada=\language37
\l@kurmanji=\language38
\l@latin=\language39
\l@latvian=\language40
\l@lithuanian=\language41
\l@liturgicallatin=\language42
\l@macedonian=\language43
\l@malayalam=\language44
\l@marathi=\language45
\l@mongolian=\language46
\l@mongolianlmc=\language47
\l@monogreek=\language48
\l@ngerman=\language49
\l@nynorsk=\language50
\l@occitan=\language51
\l@oriya=\language52
\l@pali=\language53
\l@panjabi=\language54
\l@piedmontese=\language55
\l@polish=\language56
\l@portuguese=\language57
\l@romanian=\language58
\l@romansh=\language59
\l@russian=\language60
\l@sanskrit=\language61
\l@serbian=\language62
\l@serbianc=\language63
\l@slovak=\language64
\l@slovenian=\language65
\l@spanish=\language66
\l@swedish=\language67
\l@swissgerman=\language68
\l@tamil=\language69
\l@telugu=\language70
\l@thai=\language71
\l@turkish=\language72
\l@turkmen=\language73
\l@ukenglish=\language74
\l@ukrainian=\language75
\l@uppersorbian=\language76
\l@usenglishmax=\language77
\l@welsh=\language78
\babelcatcodetablenum=\catcodetable14
\bbl@pattcodes=\catcodetable15
)
\babel@savecnt=\count346
LaTeX Encoding Info:    Redeclaring text command \ij (encoding OT1) on input li
ne 2045.
LaTeX Encoding Info:    Redeclaring text command \IJ (encoding OT1) on input li
ne 2047.
LaTeX Encoding Info:    Redeclaring text command \ij (encoding T1) on input lin
e 2049.
LaTeX Encoding Info:    Redeclaring text command \IJ (encoding T1) on input lin
e 2050.
LaTeX Encoding Info:    Ignoring declaration for text command \ij (encoding ?) 
on input line 2051.
LaTeX Encoding Info:    Ignoring declaration for text command \IJ (encoding ?) 
on input line 2053.
LaTeX Encoding Info:    Ignoring declaration for text command \SS (encoding ?) 
on input line 2078.
\U@D=\dimen196
\l@unhyphenated=\language79

("C:/Program Files/MiKTeX/tex/generic/babel/luababel.def"
\bbl@attr@locale=\attribute4
)
*************************************
* Local config file bblopts.cfg used
*
("C:/Program Files/MiKTeX/tex/latex/arabi/bblopts.cfg"
File: bblopts.cfg 2005/09/08 v0.1 add Arabic and Farsi to "declared" options of
 babel
)
("C:/Program Files/MiKTeX/tex/latex/babel-portuges/brazil.ldf"
Language: portuges 2021/07/09 v1.2t Portuguese support from the babel system
Package babel Info: Hyphen rules for 'brazil' set to \l@portuguese
(babel)             (\language57). Reported on input line 111.
Package babel Info: Making " an active character on input line 143.

("C:/Program Files/MiKTeX/tex/generic/hyph-utf8/loadhyph/loadhyph-pt.tex"
UTF-8 Portuguese hyphenation patterns
("C:/Program Files/MiKTeX/tex/generic/hyph-utf8/patterns/tex/hyph-pt.tex"))))
("C:/Program Files/MiKTeX/tex/latex/enumitem/enumitem.sty"
Package: enumitem 2025/02/06 v3.11 Customized lists
\labelindent=\skip192
\enit@outerparindent=\dimen197
\enit@toks=\toks26
\enit@inbox=\box58
\enit@count@id=\count347
\enitdp@description=\count348
)
("C:/Program Files/MiKTeX/tex/latex/tools/calc.sty"
Package: calc 2025/03/01 v4.3b Infix arithmetic (KKT,FJ)
\calc@Acount=\count349
\calc@Bcount=\count350
\calc@Adimen=\dimen198
\calc@Bdimen=\dimen199
\calc@Askip=\skip193
\calc@Bskip=\skip194
LaTeX Info: Redefining \setlength on input line 86.
LaTeX Info: Redefining \addtolength on input line 87.
\calc@Ccount=\count351
\calc@Cskip=\skip195
)

******************************************************
Stock height and width: 597.50787pt by 421.10078pt
Top and edge trims: 0pt and 0pt
Page height and width: 597.50787pt by 421.10078pt
Text height and width: 454pt by 278pt
Spine and edge margins: 85.35826pt and 56.9055pt
Upper and lower margins: 85.35826pt and 58.14961pt
Headheight and headsep: 12pt and 18.06749pt
Footskip: 25.29494pt
Columnsep and columnseprule: 10pt and 0pt
Marginparsep and marginparwidth: 7pt and 42.9055pt
Sidecapsep and sidecapwidth: 7pt and 51pt
Sidebarhsep and sidebarwidth: 7pt and 51pt
Sidebarvsep and sidebartopsep: 12pt and 0pt
Sidebarheight: 344.39996pt
Sidefoothsep and sidefootwidth: 7pt and 51pt
Sidefootvsep and sidefootheight: 12pt and 344.39996pt
******************************************************

\c@abntex@bookmarkcounter=\count352
\cftlastnumwidth=\skip196
\chapternamenumlength=\skip197
\ABNTEXcitacaorecuo=\skip198
\c@alineasi=\count353
\c@alineasii=\count354
\enitdp@alineas=\count355
\c@subalineasi=\count356
\enitdp@subalineas=\count357
\c@incisosi=\count358
\enitdp@incisos=\count359
\ABNTEXsignwidth=\skip199
\ABNTEXsignthickness=\skip256
\ABNTEXsignskip=\skip257
) (./livros_crp.sty
Package: livros_crp 
 ("C:/Program Files/MiKTeX/tex/latex/fontspec/fontspec.sty"
Package: fontspec 2024/05/11 v2.9e Font selection for XeLaTeX and LuaLaTeX
Lua module: fontspec 2024/05/11 v2.9e Font selection for XeLaTeX and LuaLaTeX
("C:/Program Files/MiKTeX/tex/latex/fontspec/fontspec-luatex.sty"
Package: fontspec-luatex 2024/05/11 v2.9e Font selection for XeLaTeX and LuaLaT
eX
\l__fontspec_script_int=\count360
\l__fontspec_language_int=\count361
\l__fontspec_strnum_int=\count362
\l__fontspec_tmp_int=\count363
\l__fontspec_tmpa_int=\count364
\l__fontspec_tmpb_int=\count365
\l__fontspec_tmpc_int=\count366
\l__fontspec_em_int=\count367
\l__fontspec_emdef_int=\count368
\l__fontspec_strong_int=\count369
\l__fontspec_strongdef_int=\count370
\l__fontspec_tmpa_dim=\dimen256
\l__fontspec_tmpb_dim=\dimen257
\l__fontspec_tmpc_dim=\dimen258

("C:/Program Files/MiKTeX/tex/latex/base/fontenc.sty"
Package: fontenc 2024/12/21 v2.1c Standard LaTeX package
)
("C:/Program Files/MiKTeX/tex/latex/fontspec/fontspec.cfg")))
luaotfload | cache : Lookup cache loaded from C:/Users/angel/AppData/Local/MiKTe
X/luatex-cache/generic/names/luaotfload-lookup-cache.luc.
luaotfload | db : Reload initiated (formats: otf,ttf,ttc); reason: Font "Lora-Re
gular" not found.

Package fontspec Info: 
(fontspec)             Font family 'Lora(0)' created for font 'Lora' with
(fontspec)             options [Ligatures=TeX,UprightFont =
(fontspec)             *-Regular,BoldFont=*-Bold,ItalicFont=*-Italic,BoldItalic
Font=*-BoldItalic].
(fontspec)              
(fontspec)              This font family consists of the following NFSS
(fontspec)             series/shapes:
(fontspec)              
(fontspec)             - 'normal' (m/n) with NFSS spec.:
(fontspec)             <->"name:Lora-Regular:mode=node;script=latn;language=dfl
t;+tlig;"
(fontspec)             - 'bold' (b/n) with NFSS spec.:
(fontspec)             <->"name:Lora-Bold:mode=node;script=latn;language=dflt;+
tlig;"
(fontspec)             - 'italic' (m/it) with NFSS spec.:
(fontspec)             <->"name:Lora-Italic:mode=node;script=latn;language=dflt
;+tlig;"
(fontspec)             - 'bold italic' (b/it) with NFSS spec.:
(fontspec)             <->"name:Lora-BoldItalic:mode=node;script=latn;language=
dflt;+tlig;"


Package fontspec Info: 
(fontspec)             Font family 'NewJune(0)' created for font 'NewJune'
(fontspec)             with options [Ligatures=TeX,UprightFont =
(fontspec)             *-Regular,BoldFont=*-Bold,ItalicFont=*-Regular-Italic,Bo
ldItalicFont=*-Bold-Italic].
(fontspec)              
(fontspec)              This font family consists of the following NFSS
(fontspec)             series/shapes:
(fontspec)              
(fontspec)             - 'normal' (m/n) with NFSS spec.:
(fontspec)             <->"name:NewJune-Regular:mode=node;script=latn;language=
dflt;+tlig;"
(fontspec)             - 'bold' (b/n) with NFSS spec.:
(fontspec)             <->"name:NewJune-Bold:mode=node;script=latn;language=dfl
t;+tlig;"
(fontspec)             - 'italic' (m/it) with NFSS spec.:
(fontspec)             <->"name:NewJune-Regular-Italic:mode=node;script=latn;la
nguage=dflt;+tlig;"
(fontspec)             - 'bold italic' (b/it) with NFSS spec.:
(fontspec)             <->"name:NewJune-Bold-Italic:mode=node;script=latn;langu
age=dflt;+tlig;"


Package fontspec Info: 
(fontspec)             Could not resolve font "NewJune-Medium-Italic/B" (it
(fontspec)             probably doesn't exist).


Package fontspec Info: 
(fontspec)             Could not resolve font "NewJune-Medium/BI" (it probably
(fontspec)             doesn't exist).


Package fontspec Info: 
(fontspec)             Could not resolve font "NewJune-Medium/B" (it probably
(fontspec)             doesn't exist).


Package fontspec Info: 
(fontspec)             Font family 'NewJune-Medium(0)' created for font
(fontspec)             'NewJune-Medium' with options [UprightFont =
(fontspec)             NewJune-Medium,ItalicFont = NewJune-Medium-Italic].
(fontspec)              
(fontspec)              This font family consists of the following NFSS
(fontspec)             series/shapes:
(fontspec)              
(fontspec)             - 'normal' (m/n) with NFSS spec.:
(fontspec)             <->"name:NewJune-Medium:mode=node;script=latn;language=d
flt;"
(fontspec)             - 'italic' (m/it) with NFSS spec.:
(fontspec)             <->"name:NewJune-Medium-Italic:mode=node;script=latn;lan
guage=dflt;"


Package fontspec Info: 
(fontspec)             Could not resolve font "NewJune-Fine-Italic/B" (it
(fontspec)             probably doesn't exist).


Package fontspec Info: 
(fontspec)             Could not resolve font "NewJune-Fine/BI" (it probably
(fontspec)             doesn't exist).


Package fontspec Info: 
(fontspec)             Could not resolve font "NewJune-Fine/B" (it probably
(fontspec)             doesn't exist).


Package fontspec Info: 
(fontspec)             Font family 'NewJune-Fine(0)' created for font
(fontspec)             'NewJune-Fine' with options [UprightFont =
(fontspec)             NewJune-Fine,ItalicFont = NewJune-Fine-Italic].
(fontspec)              
(fontspec)              This font family consists of the following NFSS
(fontspec)             series/shapes:
(fontspec)              
(fontspec)             - 'normal' (m/n) with NFSS spec.:
(fontspec)             <->"name:NewJune-Fine:mode=node;script=latn;language=dfl
t;"
(fontspec)             - 'italic' (m/it) with NFSS spec.:
(fontspec)             <->"name:NewJune-Fine-Italic:mode=node;script=latn;langu
age=dflt;"


Package fontspec Info: 
(fontspec)             Could not resolve font "NewJune-Light-Italic/B" (it
(fontspec)             probably doesn't exist).


Package fontspec Info: 
(fontspec)             Could not resolve font "NewJune-Light/BI" (it probably
(fontspec)             doesn't exist).


Package fontspec Info: 
(fontspec)             Could not resolve font "NewJune-Light/B" (it probably
(fontspec)             doesn't exist).


Package fontspec Info: 
(fontspec)             Font family 'NewJune-Light(0)' created for font
(fontspec)             'NewJune-Light' with options [UprightFont =
(fontspec)             NewJune-Light,ItalicFont = NewJune-Light-Italic].
(fontspec)              
(fontspec)              This font family consists of the following NFSS
(fontspec)             series/shapes:
(fontspec)              
(fontspec)             - 'normal' (m/n) with NFSS spec.:
(fontspec)             <->"name:NewJune-Light:mode=node;script=latn;language=df
lt;"
(fontspec)             - 'italic' (m/it) with NFSS spec.:
(fontspec)             <->"name:NewJune-Light-Italic:mode=node;script=latn;lang
uage=dflt;"


Package fontspec Info: 
(fontspec)             Could not resolve font "NewJune-Book-Italic/B" (it
(fontspec)             probably doesn't exist).


Package fontspec Info: 
(fontspec)             Could not resolve font "NewJune-Book/BI" (it probably
(fontspec)             doesn't exist).


Package fontspec Info: 
(fontspec)             Could not resolve font "NewJune-Book/B" (it probably
(fontspec)             doesn't exist).


Package fontspec Info: 
(fontspec)             Font family 'NewJune-Book(0)' created for font
(fontspec)             'NewJune-Book' with options [UprightFont =
(fontspec)             NewJune-Book,ItalicFont = NewJune-Book-Italic].
(fontspec)              
(fontspec)              This font family consists of the following NFSS
(fontspec)             series/shapes:
(fontspec)              
(fontspec)             - 'normal' (m/n) with NFSS spec.:
(fontspec)             <->"name:NewJune-Book:mode=node;script=latn;language=dfl
t;"
(fontspec)             - 'italic' (m/it) with NFSS spec.:
(fontspec)             <->"name:NewJune-Book-Italic:mode=node;script=latn;langu
age=dflt;"


Package fontspec Info: 
(fontspec)             Could not resolve font "NewJuneSerif-Regular-Italic/B"
(fontspec)             (it probably doesn't exist).


Package fontspec Info: 
(fontspec)             Could not resolve font "NewJuneSerif-Regular/BI" (it
(fontspec)             probably doesn't exist).


Package fontspec Info: 
(fontspec)             Could not resolve font "NewJuneSerif-Regular/B" (it
(fontspec)             probably doesn't exist).


Package fontspec Info: 
(fontspec)             Font family 'NewJuneSerif(0)' created for font
(fontspec)             'NewJuneSerif' with options [UprightFont =
(fontspec)             *-Regular,ItalicFont = *-Regular-Italic].
(fontspec)              
(fontspec)              This font family consists of the following NFSS
(fontspec)             series/shapes:
(fontspec)              
(fontspec)             - 'normal' (m/n) with NFSS spec.:
(fontspec)             <->"name:NewJuneSerif-Regular:mode=node;script=latn;lang
uage=dflt;"
(fontspec)             - 'italic' (m/it) with NFSS spec.:
(fontspec)             <->"name:NewJuneSerif-Regular-Italic:mode=node;script=la
tn;language=dflt;"


Package fontspec Info: 
(fontspec)             Could not resolve font "NewJune-Ultrabold-Italic/B" (it
(fontspec)             probably doesn't exist).


Package fontspec Info: 
(fontspec)             Could not resolve font "NewJune-Ultrabold/BI" (it
(fontspec)             probably doesn't exist).


Package fontspec Info: 
(fontspec)             Could not resolve font "NewJune-Ultrabold/B" (it
(fontspec)             probably doesn't exist).


Package fontspec Info: 
(fontspec)             Font family 'NewJune-Ultrabold(0)' created for font
(fontspec)             'NewJune-Ultrabold' with options [UprightFont =
(fontspec)             NewJune-Ultrabold,ItalicFont =
(fontspec)             NewJune-Ultrabold-Italic].
(fontspec)              
(fontspec)              This font family consists of the following NFSS
(fontspec)             series/shapes:
(fontspec)              
(fontspec)             - 'normal' (m/n) with NFSS spec.:
(fontspec)             <->"name:NewJune-Ultrabold:mode=node;script=latn;languag
e=dflt;"
(fontspec)             - 'italic' (m/it) with NFSS spec.:
(fontspec)             <->"name:NewJune-Ultrabold-Italic:mode=node;script=latn;
language=dflt;"


("C:/Program Files/MiKTeX/tex/latex/microtype/microtype.sty"
Package: microtype 2025/07/09 v3.2b Micro-typographical refinements (RS)
\MT@toks=\toks27
\MT@tempbox=\box59
\MT@count=\count371
LaTeX Info: Redefining \noprotrusionifhmode on input line 1087.
LaTeX Info: Redefining \leftprotrusion on input line 1088.
\MT@prot@toks=\toks28
LaTeX Info: Redefining \rightprotrusion on input line 1107.
LaTeX Info: Redefining \textls on input line 1449.
\MT@outer@kern=\dimen259
LaTeX Info: Redefining \microtypecontext on input line 2053.
LaTeX Info: Redefining \textmicrotypecontext on input line 2070.
\MT@listname@count=\count372

("C:/Program Files/MiKTeX/tex/latex/microtype/microtype-luatex.def"
File: microtype-luatex.def 2025/07/09 v3.2b Definitions specific to luatex (RS)

Lua module: microtype 2025/07/09 v3.2b microtype module.
Module microtype Info: overwriting function `keepligature' on input line 63
LaTeX Info: Redefining \lsstyle on input line 779.
LaTeX Info: Redefining \lslig on input line 779.
\MT@outer@space=\skip258
)
Package microtype Info: Loading configuration file microtype.cfg.

("C:/Program Files/MiKTeX/tex/latex/microtype/microtype.cfg"
File: microtype.cfg 2025/07/09 v3.2b microtype main configuration file (RS)
)
LaTeX Info: Redefining \microtypesetup on input line 3065.
)
("C:/Program Files/MiKTeX/tex/latex/hyphenat/hyphenat.sty"
Package: hyphenat 2009/09/02 v2.3c hyphenation utilities
\langwohyphens=\language80
LaTeX Info: Redefining \_ on input line 43.
)
("C:/Program Files/MiKTeX/tex/latex/xellipsis/xellipsis.sty"
Package: xellipsis 2015/11/01 v2.0 support for highly configurable ellipses of 
arbitrary symbol, number, and distance

("C:/Program Files/MiKTeX/tex/latex/xkeyval/xkeyval.sty"
Package: xkeyval 2022/06/16 v2.9 package option processing (HA)

("C:/Program Files/MiKTeX/tex/generic/xkeyval/xkeyval.tex"
("C:/Program Files/MiKTeX/tex/generic/xkeyval/xkvutils.tex"
\XKV@toks=\toks29
\XKV@tempa@toks=\toks30
)
\XKV@depth=\count373
File: xkeyval.tex 2014/12/03 v2.7a key=value parser (HA)
))
\xelipgap=\dimen260
\xelipbef=\dimen261
\xelipaft=\dimen262
\xelipprebef=\dimen263
\xelippreaft=\dimen264
\xelippostbef=\dimen265
\xelippostaft=\dimen266
\xelipnum=\count374
\xel@loopi=\count375
)
("C:/Program Files/MiKTeX/tex/latex/graphics/graphicx.sty"
Package: graphicx 2024/12/31 v1.2e Enhanced LaTeX Graphics (DPC,SPQR)

("C:/Program Files/MiKTeX/tex/latex/graphics/graphics.sty"
Package: graphics 2024/08/06 v1.4g Standard LaTeX Graphics (DPC,SPQR)

("C:/Program Files/MiKTeX/tex/latex/graphics/trig.sty"
Package: trig 2023/12/02 v1.11 sin cos tan (DPC)
)
("C:/Program Files/MiKTeX/tex/latex/graphics-cfg/graphics.cfg"
File: graphics.cfg 2016/06/04 v1.11 sample graphics configuration
)
Package graphics Info: Driver file: luatex.def on input line 106.

("C:/Program Files/MiKTeX/tex/latex/graphics-def/luatex.def"
File: luatex.def 2024/04/13 v1.2e Graphics/color driver for luatex
))
\Gin@req@height=\dimen267
\Gin@req@width=\dimen268
)
("C:/Program Files/MiKTeX/tex/latex/background/background.sty"
Package: background 2014/03/04 v2.1 background material

("C:/Program Files/MiKTeX/tex/latex/pgf/frontendlayer/tikz.sty"
("C:/Program Files/MiKTeX/tex/latex/pgf/basiclayer/pgf.sty"
("C:/Program Files/MiKTeX/tex/latex/pgf/utilities/pgfrcs.sty"
("C:/Program Files/MiKTeX/tex/generic/pgf/utilities/pgfutil-common.tex"
\pgfutil@everybye=\toks31
\pgfutil@tempdima=\dimen269
\pgfutil@tempdimb=\dimen270
)
("C:/Program Files/MiKTeX/tex/generic/pgf/utilities/pgfutil-latex.def"
\pgfutil@abb=\box60
)
("C:/Program Files/MiKTeX/tex/generic/pgf/utilities/pgfrcs.code.tex"
("C:/Program Files/MiKTeX/tex/generic/pgf/pgf.revision.tex")
Package: pgfrcs 2025-08-29 v3.1.11a (3.1.11a)
))
Package: pgf 2025-08-29 v3.1.11a (3.1.11a)

("C:/Program Files/MiKTeX/tex/latex/pgf/basiclayer/pgfcore.sty"
("C:/Program Files/MiKTeX/tex/latex/pgf/systemlayer/pgfsys.sty"
("C:/Program Files/MiKTeX/tex/generic/pgf/systemlayer/pgfsys.code.tex"
Package: pgfsys 2025-08-29 v3.1.11a (3.1.11a)

("C:/Program Files/MiKTeX/tex/generic/pgf/utilities/pgfkeys.code.tex"
\pgfkeys@pathtoks=\toks32
\pgfkeys@temptoks=\toks33

("C:/Program Files/MiKTeX/tex/generic/pgf/utilities/pgfkeyslibraryfiltered.code
.tex"
\pgfkeys@tmptoks=\toks34
))
\pgf@x=\dimen271
\pgf@y=\dimen272
\pgf@xa=\dimen273
\pgf@ya=\dimen274
\pgf@xb=\dimen275
\pgf@yb=\dimen276
\pgf@xc=\dimen277
\pgf@yc=\dimen278
\pgf@xd=\dimen279
\pgf@yd=\dimen280
\w@pgf@writea=\write4
\r@pgf@reada=\read4
\c@pgf@counta=\count376
\c@pgf@countb=\count377
\c@pgf@countc=\count378
\c@pgf@countd=\count379
\t@pgf@toka=\toks35
\t@pgf@tokb=\toks36
\t@pgf@tokc=\toks37
\pgf@sys@id@count=\count380
 ("C:/Program Files/MiKTeX/tex/generic/pgf/systemlayer/pgf.cfg"
File: pgf.cfg 2025-08-29 v3.1.11a (3.1.11a)
)
Driver file for pgf: pgfsys-luatex.def

("C:/Program Files/MiKTeX/tex/generic/pgf/systemlayer/pgfsys-luatex.def"
File: pgfsys-luatex.def 2025-08-29 v3.1.11a (3.1.11a)

("C:/Program Files/MiKTeX/tex/generic/pgf/systemlayer/pgfsys-common-pdf.def"
File: pgfsys-common-pdf.def 2025-08-29 v3.1.11a (3.1.11a)
))) ("C:/Program Files/MiKTeX/tex/generic/pgf/systemlayer/pgfsyssoftpath.code.t
ex"
File: pgfsyssoftpath.code.tex 2025-08-29 v3.1.11a (3.1.11a)
\pgfsyssoftpath@smallbuffer@items=\count381
\pgfsyssoftpath@bigbuffer@items=\count382
) ("C:/Program Files/MiKTeX/tex/generic/pgf/systemlayer/pgfsysprotocol.code.tex
"
File: pgfsysprotocol.code.tex 2025-08-29 v3.1.11a (3.1.11a)
)) ("C:/Program Files/MiKTeX/tex/latex/xcolor/xcolor.sty"
Package: xcolor 2024/09/29 v3.02 LaTeX color extensions (UK)

("C:/Program Files/MiKTeX/tex/latex/graphics-cfg/color.cfg"
File: color.cfg 2016/01/02 v1.6 sample color configuration
)
Package xcolor Info: Driver file: luatex.def on input line 274.

("C:/Program Files/MiKTeX/tex/latex/graphics/mathcolor.ltx")
Package xcolor Info: Model `cmy' substituted by `cmy0' on input line 1349.
Package xcolor Info: Model `hsb' substituted by `rgb' on input line 1353.
Package xcolor Info: Model `RGB' extended on input line 1365.
Package xcolor Info: Model `HTML' substituted by `rgb' on input line 1367.
Package xcolor Info: Model `Hsb' substituted by `hsb' on input line 1368.
Package xcolor Info: Model `tHsb' substituted by `hsb' on input line 1369.
Package xcolor Info: Model `HSB' substituted by `hsb' on input line 1370.
Package xcolor Info: Model `Gray' substituted by `gray' on input line 1371.
Package xcolor Info: Model `wave' substituted by `hsb' on input line 1372.
)
("C:/Program Files/MiKTeX/tex/generic/pgf/basiclayer/pgfcore.code.tex"
Package: pgfcore 2025-08-29 v3.1.11a (3.1.11a)

("C:/Program Files/MiKTeX/tex/generic/pgf/math/pgfmath.code.tex"
("C:/Program Files/MiKTeX/tex/generic/pgf/math/pgfmathutil.code.tex")
("C:/Program Files/MiKTeX/tex/generic/pgf/math/pgfmathparser.code.tex"
\pgfmath@dimen=\dimen281
\pgfmath@count=\count383
\pgfmath@box=\box61
\pgfmath@toks=\toks38
\pgfmath@stack@operand=\toks39
\pgfmath@stack@operation=\toks40
)
("C:/Program Files/MiKTeX/tex/generic/pgf/math/pgfmathfunctions.code.tex")
("C:/Program Files/MiKTeX/tex/generic/pgf/math/pgfmathfunctions.basic.code.tex"
)
("C:/Program Files/MiKTeX/tex/generic/pgf/math/pgfmathfunctions.trigonometric.c
ode.tex")
("C:/Program Files/MiKTeX/tex/generic/pgf/math/pgfmathfunctions.random.code.tex
")
("C:/Program Files/MiKTeX/tex/generic/pgf/math/pgfmathfunctions.comparison.code
.tex")
("C:/Program Files/MiKTeX/tex/generic/pgf/math/pgfmathfunctions.base.code.tex") ("C:/Program Files/MiKTeX/tex/generic/pgf/math/pgfmathfunctions.round.code.tex") ("C:/Program Files/MiKTeX/tex/generic/pgf/math/pgfmathfunctions.misc.code.tex")
("C:/Program Files/MiKTeX/tex/generic/pgf/math/pgfmathfunctions.integerarithmet
ics.code.tex")
("C:/Program Files/MiKTeX/tex/generic/pgf/math/pgfmathcalc.code.tex")
("C:/Program Files/MiKTeX/tex/generic/pgf/math/pgfmathfloat.code.tex"
\c@pgfmathroundto@lastzeros=\count384
))
("C:/Program Files/MiKTeX/tex/generic/pgf/math/pgfint.code.tex")
("C:/Program Files/MiKTeX/tex/generic/pgf/basiclayer/pgfcorepoints.code.tex"
File: pgfcorepoints.code.tex 2025-08-29 v3.1.11a (3.1.11a)
\pgf@picminx=\dimen282
\pgf@picmaxx=\dimen283
\pgf@picminy=\dimen284
\pgf@picmaxy=\dimen285
\pgf@pathminx=\dimen286
\pgf@pathmaxx=\dimen287
\pgf@pathminy=\dimen288
\pgf@pathmaxy=\dimen289
\pgf@xx=\dimen290
\pgf@xy=\dimen291
\pgf@yx=\dimen292
\pgf@yy=\dimen293
\pgf@zx=\dimen294
\pgf@zy=\dimen295
)
("C:/Program Files/MiKTeX/tex/generic/pgf/basiclayer/pgfcorepathconstruct.code.
tex"
File: pgfcorepathconstruct.code.tex 2025-08-29 v3.1.11a (3.1.11a)
\pgf@path@lastx=\dimen296
\pgf@path@lasty=\dimen297
)
("C:/Program Files/MiKTeX/tex/generic/pgf/basiclayer/pgfcorepathusage.code.tex"
File: pgfcorepathusage.code.tex 2025-08-29 v3.1.11a (3.1.11a)
\pgf@shorten@end@additional=\dimen298
\pgf@shorten@start@additional=\dimen299
) ("C:/Program Files/MiKTeX/tex/generic/pgf/basiclayer/pgfcorescopes.code.tex"
File: pgfcorescopes.code.tex 2025-08-29 v3.1.11a (3.1.11a)
\pgfpic=\box62
\pgf@hbox=\box63
\pgf@layerbox@main=\box64
\pgf@picture@serial@count=\count385
)
("C:/Program Files/MiKTeX/tex/generic/pgf/basiclayer/pgfcoregraphicstate.code.t
ex"
File: pgfcoregraphicstate.code.tex 2025-08-29 v3.1.11a (3.1.11a)
\pgflinewidth=\dimen300
)
("C:/Program Files/MiKTeX/tex/generic/pgf/basiclayer/pgfcoretransformations.cod
e.tex"
File: pgfcoretransformations.code.tex 2025-08-29 v3.1.11a (3.1.11a)
\pgf@pt@x=\dimen301
\pgf@pt@y=\dimen302
\pgf@pt@temp=\dimen303
)
("C:/Program Files/MiKTeX/tex/generic/pgf/basiclayer/pgfcorequick.code.tex"
File: pgfcorequick.code.tex 2025-08-29 v3.1.11a (3.1.11a)
)
("C:/Program Files/MiKTeX/tex/generic/pgf/basiclayer/pgfcoreobjects.code.tex"
File: pgfcoreobjects.code.tex 2025-08-29 v3.1.11a (3.1.11a)
)
("C:/Program Files/MiKTeX/tex/generic/pgf/basiclayer/pgfcorepathprocessing.code
.tex"
File: pgfcorepathprocessing.code.tex 2025-08-29 v3.1.11a (3.1.11a)
)
("C:/Program Files/MiKTeX/tex/generic/pgf/basiclayer/pgfcorearrows.code.tex"
File: pgfcorearrows.code.tex 2025-08-29 v3.1.11a (3.1.11a)
\pgfarrowsep=\dimen304
)
("C:/Program Files/MiKTeX/tex/generic/pgf/basiclayer/pgfcoreshade.code.tex"
File: pgfcoreshade.code.tex 2025-08-29 v3.1.11a (3.1.11a)
\pgf@max=\dimen305
\pgf@sys@shading@range@num=\count386
\pgf@shadingcount=\count387
)
("C:/Program Files/MiKTeX/tex/generic/pgf/basiclayer/pgfcoreimage.code.tex"
File: pgfcoreimage.code.tex 2025-08-29 v3.1.11a (3.1.11a)
)
("C:/Program Files/MiKTeX/tex/generic/pgf/basiclayer/pgfcoreexternal.code.tex"
File: pgfcoreexternal.code.tex 2025-08-29 v3.1.11a (3.1.11a)
\pgfexternal@startupbox=\box65
) ("C:/Program Files/MiKTeX/tex/generic/pgf/basiclayer/pgfcorelayers.code.tex"
File: pgfcorelayers.code.tex 2025-08-29 v3.1.11a (3.1.11a)
)
("C:/Program Files/MiKTeX/tex/generic/pgf/basiclayer/pgfcoretransparency.code.t
ex"
File: pgfcoretransparency.code.tex 2025-08-29 v3.1.11a (3.1.11a)
)
("C:/Program Files/MiKTeX/tex/generic/pgf/basiclayer/pgfcorepatterns.code.tex"
File: pgfcorepatterns.code.tex 2025-08-29 v3.1.11a (3.1.11a)
) ("C:/Program Files/MiKTeX/tex/generic/pgf/basiclayer/pgfcorerdf.code.tex"
File: pgfcorerdf.code.tex 2025-08-29 v3.1.11a (3.1.11a)
)))
("C:/Program Files/MiKTeX/tex/generic/pgf/modules/pgfmoduleshapes.code.tex"
File: pgfmoduleshapes.code.tex 2025-08-29 v3.1.11a (3.1.11a)
\pgfnodeparttextbox=\box66
)
("C:/Program Files/MiKTeX/tex/generic/pgf/modules/pgfmoduleplot.code.tex"
File: pgfmoduleplot.code.tex 2025-08-29 v3.1.11a (3.1.11a)
)
("C:/Program Files/MiKTeX/tex/latex/pgf/compatibility/pgfcomp-version-0-65.sty"
Package: pgfcomp-version-0-65 2025-08-29 v3.1.11a (3.1.11a)
\pgf@nodesepstart=\dimen306
\pgf@nodesepend=\dimen307
) ("C:/Program Files/MiKTeX/tex/latex/pgf/compatibility/pgfcomp-version-1-18.st
y"
Package: pgfcomp-version-1-18 2025-08-29 v3.1.11a (3.1.11a)
)) ("C:/Program Files/MiKTeX/tex/latex/pgf/utilities/pgffor.sty"
("C:/Program Files/MiKTeX/tex/latex/pgf/utilities/pgfkeys.sty"
("C:/Program Files/MiKTeX/tex/generic/pgf/utilities/pgfkeys.code.tex"))
("C:/Program Files/MiKTeX/tex/latex/pgf/math/pgfmath.sty"
("C:/Program Files/MiKTeX/tex/generic/pgf/math/pgfmath.code.tex"))
("C:/Program Files/MiKTeX/tex/generic/pgf/utilities/pgffor.code.tex"
Package: pgffor 2025-08-29 v3.1.11a (3.1.11a)
\pgffor@iter=\dimen308
\pgffor@skip=\dimen309
\pgffor@stack=\toks41
\pgffor@toks=\toks42
))
("C:/Program Files/MiKTeX/tex/generic/pgf/frontendlayer/tikz/tikz.code.tex"
Package: tikz 2025-08-29 v3.1.11a (3.1.11a)

("C:/Program Files/MiKTeX/tex/generic/pgf/libraries/pgflibraryplothandlers.code
.tex"
File: pgflibraryplothandlers.code.tex 2025-08-29 v3.1.11a (3.1.11a)
\pgf@plot@mark@count=\count388
\pgfplotmarksize=\dimen310
)
\tikz@lastx=\dimen311
\tikz@lasty=\dimen312
\tikz@lastxsaved=\dimen313
\tikz@lastysaved=\dimen314
\tikz@lastmovetox=\dimen315
\tikz@lastmovetoy=\dimen316
\tikzleveldistance=\dimen317
\tikzsiblingdistance=\dimen318
\tikz@figbox=\box67
\tikz@figbox@bg=\box68
\tikz@tempbox=\box69
\tikz@tempbox@bg=\box70
\tikztreelevel=\count389
\tikznumberofchildren=\count390
\tikznumberofcurrentchild=\count391
\tikz@fig@count=\count392

("C:/Program Files/MiKTeX/tex/generic/pgf/modules/pgfmodulematrix.code.tex"
File: pgfmodulematrix.code.tex 2025-08-29 v3.1.11a (3.1.11a)
\pgfmatrixcurrentrow=\count393
\pgfmatrixcurrentcolumn=\count394
\pgf@matrix@numberofcolumns=\count395
)
\tikz@expandcount=\count396

("C:/Program Files/MiKTeX/tex/generic/pgf/frontendlayer/tikz/libraries/tikzlibr
arytopaths.code.tex"
File: tikzlibrarytopaths.code.tex 2025-08-29 v3.1.11a (3.1.11a)
)))
("C:/Program Files/MiKTeX/tex/latex/everypage/everypage.sty"
Package: everypage 2020/10/17 R2.0b Hooks to run on every page


Package everypage Warning: Functionality similar to this package has recently
(everypage)                been implemented in LaTeX. This package is now in
(everypage)                legacy status.
(everypage)                Please, don't use it in new documents and packages.


Package everypage Warning: You appear to be running a version of LaTeX
(everypage)                providing the new functionality.
(everypage)                Doing the best to deliver the original `everypage`
(everypage)                interface on top of it. Strict equivalence is
(everypage)                not possible, breakage may occur.
(everypage)                If truly needed, Use `everypage-1x` to force the
(everypage)                loading of an older code base.

) ("C:/Program Files/MiKTeX/tex/latex/tools/afterpage.sty"
Package: afterpage 2023/07/04 v1.08 After-Page Package (DPC)
\AP@output=\toks43
\AP@partial=\box71
\AP@footins=\box72
))
("C:/Program Files/MiKTeX/tex/latex/graphics/dvipsnam.def"
File: dvipsnam.def 2016/06/17 v3.0m Driver-dependent file (DPC,SPQR)
)
("C:/Program Files/MiKTeX/tex/latex/tcolorbox/tcolorbox.sty"
Package: tcolorbox 2025/09/09 version 6.8.0 text color boxes

("C:/Program Files/MiKTeX/tex/latex/environ/environ.sty"
Package: environ 2014/05/04 v0.3 A new way to define environments

("C:/Program Files/MiKTeX/tex/latex/trimspaces/trimspaces.sty"
Package: trimspaces 2009/09/17 v1.1 Trim spaces around a token list
)
\@envbody=\toks44
)
\tcb@titlebox=\box73
\tcb@upperbox=\box74
\tcb@lowerbox=\box75
\tcb@phantombox=\box76
\c@tcbbreakpart=\count397
\c@tcblayer=\count398
\c@tcolorbox@number=\count399
\l__tcobox_tmpa_box=\box77
\l__tcobox_tmpa_dim=\dimen319
\tcb@temp=\box78
\tcb@temp=\box79
\tcb@temp=\box80
\tcb@temp=\box81
)
("C:/Program Files/MiKTeX/tex/latex/multirow/multirow.sty"
Package: multirow 2024/11/12 v2.9 Span multiple rows of a table
\multirow@colwidth=\skip259
\multirow@cntb=\count400
\multirow@dima=\skip260
\bigstrutjot=\dimen320
)
("C:/Program Files/MiKTeX/tex/latex/tools/longtable.sty"
Package: longtable 2024-12-18 v4.23 Multi-page Table package (DPC)
\LTleft=\skip261
\LTright=\skip262
\LTpre=\skip263
\LTpost=\skip264
\LTchunksize=\count401
\LTcapwidth=\dimen321
\LT@head=\box82
\LT@firsthead=\box83
\LT@foot=\box84
\LT@lastfoot=\box85
\LT@gbox=\box86
\LT@cols=\count402
\LT@rows=\count403
\c@LT@tables=\count404
\c@LT@chunks=\count405
\LT@p@ftn=\toks45
)
("C:/Program Files/MiKTeX/tex/latex/svg/svg.sty"
Package: svg 2020/11/26 v2.02k (include SVG pictures)

("C:/Program Files/MiKTeX/tex/latex/koma-script/scrbase.sty"
Package: scrbase 2025/09/09 v3.48 KOMA-Script package (KOMA-Script-independent 
basics and keyval usage)

("C:/Program Files/MiKTeX/tex/latex/koma-script/scrlfile.sty"
Package: scrlfile 2025/09/09 v3.48 KOMA-Script package (file load hooks)

("C:/Program Files/MiKTeX/tex/latex/koma-script/scrlfile-hook.sty"
Package: scrlfile-hook 2025/09/09 v3.48 KOMA-Script package (using LaTeX hooks)


("C:/Program Files/MiKTeX/tex/latex/koma-script/scrlogo.sty"
Package: scrlogo 2025/09/09 v3.48 KOMA-Script package (logo)
)))
Applying: [2021/05/01] Usage of raw or classic option list on input line 254.
Already applied: [0000/00/00] Usage of raw or classic option list on input line
 370.
)
("C:/Program Files/MiKTeX/tex/latex/tools/shellesc.sty"
Package: shellesc 2023/07/08 v1.0d unified shell escape interface for LaTeX
Package shellesc Info: Restricted shell escape enabled on input line 77.
)
\c@svg@param@lastpage=\count406
\svg@box=\box87
\c@svg@param@currpage=\count407
)
("C:/Program Files/MiKTeX/tex/latex/transparent/transparent.sty"
Package: transparent 2025-06-23 v1.6 Transparency with color stacks

("C:/Program Files/MiKTeX/tex/latex/transparent/transparent-nometadata.sty"
Package: transparent-nometadata 2025-06-23 v1.6 Transparency via pdfTeX's color
 stack (HO)

("C:/Program Files/MiKTeX/tex/latex/auxhook/auxhook.sty"
Package: auxhook 2019-12-17 v1.6 Hooks for auxiliary files (HO)
)))
("C:/Program Files/MiKTeX/tex/latex/tools/multicol.sty"
Package: multicol 2025/05/25 v2.0a multicolumn formatting (FMi)
\c@tracingmulticols=\count408
\mult@box=\box88
\multicol@leftmargin=\dimen322
\c@unbalance=\count409
\c@collectmore=\count410
\doublecol@number=\count411
\multicoltolerance=\count412
\multicolpretolerance=\count413
\full@width=\dimen323
\page@free=\dimen324
\premulticols=\dimen325
\postmulticols=\dimen326
\multicolsep=\skip265
\multicolbaselineskip=\skip266
\partial@page=\box89
\last@line=\box90
\mc@boxedresult=\box91
\maxbalancingoverflow=\dimen327
\mult@rightbox=\box92
\mult@grightbox=\box93
\mult@firstbox=\box94
\mult@gfirstbox=\box95
\@tempa=\box96
\@tempa=\box97
\@tempa=\box98
\@tempa=\box99
\@tempa=\box100
\@tempa=\box101
\@tempa=\box102
\@tempa=\box103
\@tempa=\box104
\@tempa=\box105
\@tempa=\box106
\@tempa=\box107
\@tempa=\box108
\@tempa=\box109
\@tempa=\box110
\@tempa=\box111
\@tempa=\box112
\@tempa=\box113
\@tempa=\box114
\@tempa=\box115
\@tempa=\box116
\@tempa=\box117
\@tempa=\box118
\@tempa=\box119
\@tempa=\box120
\@tempa=\box121
\@tempa=\box122
\@tempa=\box123
\@tempa=\box124
\@tempa=\box125
\@tempa=\box126
\@tempa=\box127
\@tempa=\box128
\@tempa=\box129
\@tempa=\box130
\@tempa=\box131
\c@minrows=\count414
\c@columnbadness=\count415
\c@finalcolumnbadness=\count416
\last@try=\dimen328
\multicolovershoot=\dimen329
\multicolundershoot=\dimen330
\mult@nat@firstbox=\box132
\colbreak@box=\box133
\mc@col@check@num=\count417
\g__mc_curr_col_int=\count418
)
("C:/Program Files/MiKTeX/tex/latex/pdfpages/pdfpages.sty"
Package: pdfpages 2025/07/23 v0.6g Insert pages of external PDF documents (AM)

("C:/Program Files/MiKTeX/tex/latex/eso-pic/eso-pic.sty"
Package: eso-pic 2023/05/03 v3.0c eso-pic (RN)
\ESO@tempdima=\dimen331
\ESO@tempdimb=\dimen332
)
\AM@pagewidth=\dimen333
\AM@pageheight=\dimen334
\AM@fboxrule=\dimen335

("C:/Program Files/MiKTeX/tex/latex/pdfpages/ppluatex.def"
File: ppluatex.def 2025/07/23 v0.6g Pdfpages driver for LuaTeX (AM)
)
\pdfpages@includegraphics@status=\count419
\AM@pagebox=\box134
\AM@global@opts=\toks46
\AM@pagecnt=\count420
\AM@toc@title=\toks47
\AM@lof@heading=\toks48
\c@AM@survey=\count421
\AM@templatesizebox=\box135
)
("C:/Program Files/MiKTeX/tex/latex/colophon/colophon.sty"
Package: colophon 2018/04/01 v1.1 Support for highly configurable colophons
)
("C:/Program Files/MiKTeX/tex/latex/lastpage/lastpage.sty"
Package: lastpage 2025/08/14 v2.1h lastpage: 2.09 or 2e? (HMM)

("C:/Program Files/MiKTeX/tex/latex/lastpage/lastpage2e.sty"
Package: lastpage2e 2025/08/14 v2.1h Decide which 2e lastpage version to use (H
MM)

("C:/Program Files/MiKTeX/tex/latex/lastpage/lastpagemodern.sty"
Package: lastpagemodern 2025-08-14 v2.1h Refers to last page's name (HMM; JPG)
\c@lastpagecount=\count422
) 
)) ("C:/Program Files/MiKTeX/tex/latex/ragged2e/ragged2e.sty"
Package: ragged2e 2023/06/22 v3.6 ragged2e Package
\CenteringLeftskip=\skip267
\RaggedLeftLeftskip=\skip268
\RaggedRightLeftskip=\skip269
\CenteringRightskip=\skip270
\RaggedLeftRightskip=\skip271
\RaggedRightRightskip=\skip272
\CenteringParfillskip=\skip273
\RaggedLeftParfillskip=\skip274
\RaggedRightParfillskip=\skip275
\JustifyingParfillskip=\skip276
\CenteringParindent=\skip277
\RaggedLeftParindent=\skip278
\RaggedRightParindent=\skip279
\JustifyingParindent=\skip280
)

******************************************************
Stock height and width: 597.50787pt by 421.10078pt
Top and edge trims: 0pt and 0pt
Page height and width: 597.50787pt by 421.10078pt
Text height and width: 460pt by 280pt
Spine and edge margins: 46.78897pt and 93.57794pt
Upper and lower margins: 46.78897pt and 90.7189pt
Headheight and headsep: 12pt and 18.06749pt
Footskip: 25.29494pt
Columnsep and columnseprule: 10pt and 0pt
Marginparsep and marginparwidth: 7pt and 79.57794pt
Sidecapsep and sidecapwidth: 7pt and 51pt
Sidebarhsep and sidebarwidth: 7pt and 51pt
Sidebarvsep and sidebartopsep: 12pt and 0pt
Sidebarheight: 344.39996pt
Sidefoothsep and sidefootwidth: 7pt and 51pt
Sidefootvsep and sidefootheight: 12pt and 344.39996pt
******************************************************


******************************************************
Stock height and width: 597.50787pt by 421.10078pt
Top and edge trims: 0pt and 0pt
Page height and width: 597.50787pt by 421.10078pt
Text height and width: 460pt by 280pt
Spine and edge margins: 46.78897pt and 93.57794pt
Upper and lower margins: 46.78897pt and 90.7189pt
Headheight and headsep: 12pt and 18.06749pt
Footskip: 25.29494pt
Columnsep and columnseprule: 10pt and 0pt
Marginparsep and marginparwidth: 7pt and 79.57794pt
Sidecapsep and sidecapwidth: 7pt and 51pt
Sidebarhsep and sidebarwidth: 7pt and 51pt
Sidebarvsep and sidebartopsep: 12pt and 0pt
Sidebarheight: 344.39996pt
Sidefoothsep and sidefootwidth: 7pt and 51pt
Sidefootvsep and sidefootheight: 12pt and 344.39996pt
******************************************************

\boxlarg=\skip281
\virgula=\skip282
\boxementa=\skip283
\indicartigo=\skip284
\paragrafodelei=\skip285
\paragrafounico=\skip286
\sepcredito=\skip287
\numfrances=\skip288
\numfrancesdois=\skip289
\TOCVSpace=\skip290
("C:/Program Files/MiKTeX/tex/latex/xurl/xurl.sty"
Package: xurl 2022/01/09 v 0.10 modify URL breaks
)
Package hyperref Info: Option `colorlinks' set `true' on input line 202.


! LaTeX Error: Option clash for package tcolorbox.

See the LaTeX manual or LaTeX Companion for explanation.
Type  H <return>  for immediate help.
 ...                                              
                                                  
l.208 \renewcommand
                   \baselinestretch{1.069}
? 
) ("C:/Program Files/MiKTeX/tex/latex/adjustbox/adjustbox.sty"
Package: adjustbox 2025/02/26 v1.3c Adjusting TeX boxes (trim, clip, ...)

("C:/Program Files/MiKTeX/tex/latex/adjustbox/adjcalc.sty"
Package: adjcalc 2012/05/16 v1.1 Provides advanced setlength with multiple back
-ends (calc, etex, pgfmath)
)
("C:/Program Files/MiKTeX/tex/latex/adjustbox/trimclip.sty"
Package: trimclip 2025/02/21 v1.2a Trim and clip general TeX material

("C:/Program Files/MiKTeX/tex/latex/collectbox/collectbox.sty"
Package: collectbox 2022/10/17 v0.4c Collect macro arguments as boxes
\collectedbox=\box136
)
\tc@llx=\dimen336
\tc@lly=\dimen337
\tc@urx=\dimen338
\tc@ury=\dimen339
Package trimclip Info: Using driver 'tc-luatex.def'.

("C:/Program Files/MiKTeX/tex/latex/adjustbox/tc-luatex.def"
File: tc-luatex.def 2025/02/26 v1.1 Clipping driver for luatex

("C:/Program Files/MiKTeX/tex/latex/adjustbox/tc-pdftex.def"
File: tc-pdftex.def 2025/02/26 v2.3 Clipping driver for pdftex
)))
\adjbox@Width=\dimen340
\adjbox@Height=\dimen341
\adjbox@Depth=\dimen342
\adjbox@Totalheight=\dimen343
\adjbox@pwidth=\dimen344
\adjbox@pheight=\dimen345
\adjbox@pdepth=\dimen346
\adjbox@ptotalheight=\dimen347

("C:/Program Files/MiKTeX/tex/latex/ifoddpage/ifoddpage.sty"
Package: ifoddpage 2022/10/18 v1.2 Conditionals for odd/even page detection
\c@checkoddpage=\count423
LaTeX Info: Redefining \checkoddpage on input line 45.
)
("C:/Program Files/MiKTeX/tex/latex/varwidth/varwidth.sty"
Package: varwidth 2009/03/30 ver 0.92;  Variable-width minipages
\@vwid@box=\box137
\sift@deathcycles=\count424
\@vwid@loff=\dimen348
\@vwid@roff=\dimen349
)
==> First Aid for varwidth.sty applied!
)
LaTeX Info: Redefining \adjsetlength on input line 10.
LaTeX Info: Redefining \adjaddtolength on input line 10.
LaTeX Info: Redefining \adjsetcounter on input line 10.
LaTeX Info: Redefining \adjaddtocounter on input line 10.
 ("C:/Program Files/MiKTeX/tex/latex/ncctools/extdash.sty"
Package: extdash 2018/06/24 v1.3 Extended Dash Package (NCC)
) (./main.aux
Package babel Info: 'brazil' activates 'portuges' shorthands.
(babel)             Reported on input line 14.
)
\openout1 = main.aux

LaTeX Font Info:    Checking defaults for OML/cmm/m/it on input line 13.
LaTeX Font Info:    ... okay on input line 13.
LaTeX Font Info:    Checking defaults for OMS/cmsy/m/n on input line 13.
LaTeX Font Info:    ... okay on input line 13.
LaTeX Font Info:    Checking defaults for OT1/cmr/m/n on input line 13.
LaTeX Font Info:    ... okay on input line 13.
LaTeX Font Info:    Checking defaults for T1/cmr/m/n on input line 13.
LaTeX Font Info:    ... okay on input line 13.
LaTeX Font Info:    Checking defaults for TS1/cmr/m/n on input line 13.
LaTeX Font Info:    ... okay on input line 13.
LaTeX Font Info:    Checking defaults for TU/lmr/m/n on input line 13.
LaTeX Font Info:    ... okay on input line 13.
LaTeX Font Info:    Checking defaults for OMX/cmex/m/n on input line 13.
LaTeX Font Info:    ... okay on input line 13.
LaTeX Font Info:    Checking defaults for U/cmr/m/n on input line 13.
LaTeX Font Info:    ... okay on input line 13.
LaTeX Font Info:    Checking defaults for PD1/pdf/m/n on input line 13.
LaTeX Font Info:    ... okay on input line 13.
LaTeX Font Info:    Checking defaults for PU/pdf/m/n on input line 13.
LaTeX Font Info:    ... okay on input line 13.
Package hyperref Info: Link coloring ON on input line 13.
\myptabbox=\box138
\myptabboxwidth=\skip291
Package microtype Info: Patching varwidth to enable character protrusion.
\MT@vwid@leftmargin=\dimen350
\MT@vwid@rightmargin=\dimen351
LaTeX Info: Redefining \microtypecontext on input line 13.
Package microtype Info: Applying patch `item' on input line 13.
Package microtype Info: Applying patch `toc' on input line 13.
Package microtype Info: Applying patch `eqnum' on input line 13.
Package microtype Info: Applying patch `footnote' on input line 13.
Package microtype Info: Applying patch `verbatim' on input line 13.
LaTeX Info: Redefining \microtypesetup on input line 13.
Package microtype Info: Generating PDF output.
Package microtype Info: Character protrusion enabled (level 2).
Package microtype Info: Using default protrusion set `alltext'.
Package microtype Info: Automatic font expansion enabled (level 2),
(microtype)             stretch: 20, shrink: 20, step: 1, non-selected.
Package microtype Info: Using default expansion set `alltext-nott'.
Package microtype Info: Patching command `\showhyphens'.
Package microtype Info: No adjustment of tracking.
Package microtype Info: No adjustment of spacing.
Package microtype Info: No adjustment of kerning.
Package microtype Info: Loading generic protrusion settings for font family
(microtype)             `Lora' (encoding: TU).
(microtype)             For optimal results, create family-specific settings.
(microtype)             See the microtype manual for details.

("C:/Program Files/MiKTeX/tex/context/base/mkii/supp-pdf.mkii"
[Loading MPS to PDF converter (version 2006.09.02).]
\scratchcounter=\count425
\scratchdimen=\dimen352
\scratchbox=\box139
\nofMPsegments=\count426
\nofMParguments=\count427
\everyMPshowfont=\toks49
\MPscratchCnt=\count428
\MPscratchDim=\dimen353
\MPnumerator=\count429
\makeMPintoPDFobject=\count430
\everyMPtoPDFconversion=\toks50
) ("C:/Program Files/MiKTeX/tex/latex/epstopdf-pkg/epstopdf-base.sty"
Package: epstopdf-base 2020-01-24 v2.11 Base part for package epstopdf

("C:/Program Files/MiKTeX/tex/latex/grfext/grfext.sty"
Package: grfext 2019/12/03 v1.3 Manage graphics extensions (HO)
)
Package epstopdf-base Info: Redefining graphics rule for `.eps' on input line 4
85.
Package grfext Info: Graphics extension search list:
(grfext)             [.pdf,.png,.jpg,.mps,.jpeg,.jbig2,.jb2,.PDF,.PNG,.JPG,.JPE
G,.JBIG2,.JB2,.eps]
(grfext)             \AppendGraphicsExtensions on input line 504.

("C:/Program Files/MiKTeX/tex/latex/00miktex/epstopdf-sys.cfg"
File: epstopdf-sys.cfg 2021/03/18 v2.0 Configuration of epstopdf for MiKTeX
))
("C:/Program Files/MiKTeX/tex/latex/pdflscape/pdflscape.sty"
Package: pdflscape 2022-10-27 v0.13 Display of landscape pages in PDF

("C:/Program Files/MiKTeX/tex/latex/pdflscape/pdflscape-nometadata.sty"
Package: pdflscape-nometadata 2022-10-28 v0.13 Display of landscape pages in PD
F (HO)

("C:/Program Files/MiKTeX/tex/latex/graphics/lscape.sty"
Package: lscape 2020/05/28 v3.02 Landscape Pages (DPC)
)
Package pdflscape Info: Auto-detected driver: pdftex on input line 81.
))
("C:/Program Files/MiKTeX/tex/latex/microtype/mt-cmr.cfg"
File: mt-cmr.cfg 2013/05/19 v2.2 microtype config. file: Computer Modern Roman 
(RS)
)
LaTeX Font Info:    External font `cmex10' loaded for size
(Font)              <7> on input line 23.
LaTeX Font Info:    External font `cmex10' loaded for size
(Font)              <5> on input line 23.
Package microtype Info: Loading generic protrusion settings for font family
(microtype)             `NewJune-Fine' (encoding: TU).
(microtype)             For optimal results, create family-specific settings.
(microtype)             See the microtype manual for details.
Package microtype Info: Loading generic protrusion settings for font family
(microtype)             `NewJune-Medium' (encoding: TU).
(microtype)             For optimal results, create family-specific settings.
(microtype)             See the microtype manual for details.


LaTeX Font Warning: Font shape `TU/NewJune-Medium(0)/b/n' undefined
(Font)              using `TU/NewJune-Medium(0)/m/n' instead on input line 28.

Package microtype Info: Loading generic protrusion settings for font family
(microtype)             `NewJune-Light' (encoding: TU).
(microtype)             For optimal results, create family-specific settings.
(microtype)             See the microtype manual for details.

Overfull \hbox (15.0pt too wide) in paragraph at lines 21--40
[]$[]$$[]$
 []

<assinatura_crp-preto.png, id=6, 596.9502pt x 56.8524pt>
File: assinatura_crp-preto.png Graphic file (type png)
<use assinatura_crp-preto.png>
Package luatex.def Info: assinatura_crp-preto.png  used on input line 41.
(luatex.def)             Requested size: 596.94875pt x 56.85225pt.


[1

{C:/Users/angel/AppData/Local/MiKTeX/fonts/map/pdftex/pdftex.map}<./assinatura_c
rp-preto.png>]

[2

]
Overfull \hbox (15.0pt too wide) in paragraph at lines 47--66
[]$[]$$[]$
 []

<assinatura_crp-azul.png, id=20, 596.9502pt x 56.8524pt>
File: assinatura_crp-azul.png Graphic file (type png)
<use assinatura_crp-azul.png>
Package luatex.def Info: assinatura_crp-azul.png  used on input line 67.
(luatex.def)             Requested size: 596.94875pt x 56.85225pt.


[3

<./assinatura_crp-azul.png>]

[4

]
Package microtype Info: Loading generic protrusion settings for font family
(microtype)             `NewJune' (encoding: TU).
(microtype)             For optimal results, create family-specific settings.
(microtype)             See the microtype manual for details.
Package microtype Info: Loading generic protrusion settings for font family
(microtype)             `NewJune-Book' (encoding: TU).
(microtype)             For optimal results, create family-specific settings.
(microtype)             See the microtype manual for details.

Underfull \hbox (badness 10000) in paragraph at lines 86--88
[][]
 []


Underfull \hbox (badness 10000) in paragraph at lines 113--115

 []


Underfull \hbox (badness 10000) in paragraph at lines 139--141

 []



[5

]







[6

]
Underfull \hbox (badness 10000) in paragraph at lines 229--231

 []



[7

]
Underfull \hbox (badness 10000) in paragraph at lines 253--255
[][]
 []


Package svg Warning: You didn't enable `shell escape' (or `write18')
(svg)                so it wasn't possible to launch the Inkscape export
(svg)                for `by.svg' on input line 271.


! Package svg Error: File `by_svg-tex.pdf' is missing.

See the svg package documentation for explanation.
Type  H <return>  for immediate help.
 ...                                              
                                                  
l.271 \includesvg[width=0.25\textwidth]{by.svg}
                                               
? 

! Package svg Error: File `by_svg-tex.pdf_tex' is missing.

See the svg package documentation for explanation.
Type  H <return>  for immediate help.
 ...                                              
                                                  
l.271 \includesvg[width=0.25\textwidth]{by.svg}
                                               
? 


[8

] (./main.toc

<bg-impar.png, id=74, 421.0932pt x 625.8582pt>
File: bg-impar.png Graphic file (type png)
<use bg-impar.png>
Package luatex.def Info: bg-impar.png  used on input line 26.
(luatex.def)             Requested size: 421.09216pt x 625.85666pt.
[9

<./bg-impar.png>]

<bg-par.png, id=134, 421.0932pt x 625.8582pt>
File: bg-par.png Graphic file (type png)
<use bg-par.png>
Package luatex.def Info: bg-par.png  used on input line 53.
(luatex.def)             Requested size: 421.09216pt x 625.85666pt.
[10<./bg-par.png>])

File: bg-impar.png Graphic file (type png)
<use bg-impar.png>
Package luatex.def Info: bg-impar.png  used on input line 296.
(luatex.def)             Requested size: 421.09216pt x 625.85666pt.
[11]

File: bg-par.png Graphic file (type png)
<use bg-par.png>
Package luatex.def Info: bg-par.png  used on input line 296.
(luatex.def)             Requested size: 421.09216pt x 625.85666pt.
[12

]


warning  (pdf backend): ignoring duplicate destination with the name 'page.1'
File: bg-impar.png Graphic file (type png)
<use bg-impar.png>
Package luatex.def Info: bg-impar.png  used on input line 308.
(luatex.def)             Requested size: 421.09216pt x 625.85666pt.
[1

]

Package babel Info: 'brazil' activates 'portuges' shorthands.
(babel)             Reported on input line 311.

warning  (pdf backend): ignoring duplicate destination with the name 'page.2'
File: bg-par.png Graphic file (type png)
<use bg-par.png>
Package luatex.def Info: bg-par.png  used on input line 311.
(luatex.def)             Requested size: 421.09216pt x 625.85666pt.
[2]


warning  (pdf backend): ignoring duplicate destination with the name 'page.3'
File: bg-impar.png Graphic file (type png)
<use bg-impar.png>
Package luatex.def Info: bg-impar.png  used on input line 321.
(luatex.def)             Requested size: 421.09216pt x 625.85666pt.
[3

]


Class memoir Warning: The material used in the headers is too large
(24.0pt) for the given head height (12.0pt), it is recommended to
either increase the head height or redesign the header
(in both cases you will find help in the memoir manual). on input line 343.


Overfull \vbox (12.0pt too high) has occurred while \output is active []


warning  (pdf backend): ignoring duplicate destination with the name 'page.4'
File: bg-par.png Graphic file (type png)
<use bg-par.png>
Package luatex.def Info: bg-par.png  used on input line 343.
(luatex.def)             Requested size: 421.09216pt x 625.85666pt.
[4]


warning  (pdf backend): ignoring duplicate destination with the name 'page.5'
File: bg-impar.png Graphic file (type png)
<use bg-impar.png>
Package luatex.def Info: bg-impar.png  used on input line 351.
(luatex.def)             Requested size: 421.09216pt x 625.85666pt.
[5]


warning  (pdf backend): ignoring duplicate destination with the name 'page.6'
File: bg-par.png Graphic file (type png)
<use bg-par.png>
Package luatex.def Info: bg-par.png  used on input line 351.
(luatex.def)             Requested size: 421.09216pt x 625.85666pt.
[6

]


warning  (pdf backend): ignoring duplicate destination with the name 'page.7'
File: bg-impar.png Graphic file (type png)
<use bg-impar.png>
Package luatex.def Info: bg-impar.png  used on input line 361.
(luatex.def)             Requested size: 421.09216pt x 625.85666pt.
[7]


warning  (pdf backend): ignoring duplicate destination with the name 'page.8'
File: bg-par.png Graphic file (type png)
<use bg-par.png>
Package luatex.def Info: bg-par.png  used on input line 382.
(luatex.def)             Requested size: 421.09216pt x 625.85666pt.
[8]


warning  (pdf backend): ignoring duplicate destination with the name 'page.9'
File: bg-impar.png Graphic file (type png)
<use bg-impar.png>
Package luatex.def Info: bg-impar.png  used on input line 387.
(luatex.def)             Requested size: 421.09216pt x 625.85666pt.
[9]


warning  (pdf backend): ignoring duplicate destination with the name 'page.10'
File: bg-par.png Graphic file (type png)
<use bg-par.png>
Package luatex.def Info: bg-par.png  used on input line 387.
(luatex.def)             Requested size: 421.09216pt x 625.85666pt.
[10

]


warning  (pdf backend): ignoring duplicate destination with the name 'page.11'
File: bg-impar.png Graphic file (type png)
<use bg-impar.png>
Package luatex.def Info: bg-impar.png  used on input line 400.
(luatex.def)             Requested size: 421.09216pt x 625.85666pt.
[11]


warning  (pdf backend): ignoring duplicate destination with the name 'page.12'
File: bg-par.png Graphic file (type png)
<use bg-par.png>
Package luatex.def Info: bg-par.png  used on input line 418.
(luatex.def)             Requested size: 421.09216pt x 625.85666pt.
[12]

File: bg-impar.png Graphic file (type png)
<use bg-impar.png>
Package luatex.def Info: bg-impar.png  used on input line 427.
(luatex.def)             Requested size: 421.09216pt x 625.85666pt.
[13]

File: bg-par.png Graphic file (type png)
<use bg-par.png>
Package luatex.def Info: bg-par.png  used on input line 427.
(luatex.def)             Requested size: 421.09216pt x 625.85666pt.
[14

]

File: bg-impar.png Graphic file (type png)
<use bg-impar.png>
Package luatex.def Info: bg-impar.png  used on input line 437.
(luatex.def)             Requested size: 421.09216pt x 625.85666pt.
[15]

File: bg-par.png Graphic file (type png)
<use bg-par.png>
Package luatex.def Info: bg-par.png  used on input line 458.
(luatex.def)             Requested size: 421.09216pt x 625.85666pt.
[16]

File: bg-impar.png Graphic file (type png)
<use bg-impar.png>
Package luatex.def Info: bg-impar.png  used on input line 463.
(luatex.def)             Requested size: 421.09216pt x 625.85666pt.
[17]

File: bg-par.png Graphic file (type png)
<use bg-par.png>
Package luatex.def Info: bg-par.png  used on input line 463.
(luatex.def)             Requested size: 421.09216pt x 625.85666pt.
[18

]

File: bg-impar.png Graphic file (type png)
<use bg-impar.png>
Package luatex.def Info: bg-impar.png  used on input line 472.
(luatex.def)             Requested size: 421.09216pt x 625.85666pt.
[19]
Overfull \hbox (0.3813pt too wide) in paragraph at lines 493--494
\TU/Lora(0)/m/n/10 Apre-sen-tar a in-for-ma-o de forma es-tru-tu-rada e l
-gica, usando
 []




Overfull \vbox (12.0pt too high) has occurred while \output is active []

File: bg-par.png Graphic file (type png)
<use bg-par.png>
Package luatex.def Info: bg-par.png  used on input line 495.
(luatex.def)             Requested size: 421.09216pt x 625.85666pt.
 [20]

File: bg-impar.png Graphic file (type png)
<use bg-impar.png>
Package luatex.def Info: bg-impar.png  used on input line 503.
(luatex.def)             Requested size: 421.09216pt x 625.85666pt.
[21]

File: bg-par.png Graphic file (type png)
<use bg-par.png>
Package luatex.def Info: bg-par.png  used on input line 503.
(luatex.def)             Requested size: 421.09216pt x 625.85666pt.
[22

]

File: bg-impar.png Graphic file (type png)
<use bg-impar.png>
Package luatex.def Info: bg-impar.png  used on input line 514.
(luatex.def)             Requested size: 421.09216pt x 625.85666pt.
[23]

File: bg-par.png Graphic file (type png)
<use bg-par.png>
Package luatex.def Info: bg-par.png  used on input line 514.
(luatex.def)             Requested size: 421.09216pt x 625.85666pt.
[24

]

File: bg-impar.png Graphic file (type png)
<use bg-impar.png>
Package luatex.def Info: bg-impar.png  used on input line 535.
(luatex.def)             Requested size: 421.09216pt x 625.85666pt.
[25]

Class memoir Warning: The material used in the headers is too large
(24.0pt) for the given head height (12.0pt), it is recommended to
either increase the head height or redesign the header
(in both cases you will find help in the memoir manual). on input line 542.



File: bg-par.png Graphic file (type png)
<use bg-par.png>
Package luatex.def Info: bg-par.png  used on input line 542.
(luatex.def)             Requested size: 421.09216pt x 625.85666pt.
[26]
\tf@toc=\write5

\openout5 = main.toc
 
enddocument/afterlastpage (AED): lastpage setting LastPage.
(./main.aux)
 ***********
LaTeX2e <2025-06-01> patch level 1
L3 programming layer <2020/03/25>
 ***********


LaTeX Font Warning: Some font shapes were not available, defaults substituted.


LaTeX Warning: Label(s) may have changed. Rerun to get cross-references right.

)

Here is how much of LuaTeX's memory you used:
 35947 strings out of 476291
 125061,1373583 words of node,token memory allocated
 1548 words of node memory still in use:
   5 hlist, 1 vlist, 1 rule, 1 local_par, 8 glue, 3 kern, 1 penalty, 3 glyph, 38
 attribute, 226 glue_spec, 20 attribute_list, 4 write, 10 pdf_action nodes
   avail lists: 1:3,2:1504,3:645,4:476,5:401,6:207,7:11690,8:187,9:816,10:19,11:
750
 57195 multiletter control sequences out of 65536+600000
 111 fonts using 6824943 bytes
 114i,14n,113p,1000b,1045s stack positions out of 10000i,1000n,20000p,200000b,200000s
<./Lora-BoldItalic.ttf><./newjune-bold-italic.otf><./Lora-Italic.ttf><./newjune-
book-italic.otf><./Lora-Regular.ttf><./Lora-Bold.ttf><./newjune-regular-italic.o
tf><./newjune-regular.otf><./newjune-book.otf><./newjune-bold.otf><./newjune-lig
ht.otf><./newjune-medium.otf><./newjune-fine.otf>
Output written on main.pdf (38 pages, 407984 bytes).

PDF statistics: 564 PDF objects out of 1000 (max. 8388607)
 85 named destinations out of 1000 (max. 131072)
 464 words of extra memory for PDF output out of 10000 (max. 100000000)

